[2025-07-26 07:17:38,064] ERROR log log_response 241 - Internal Server Error: /admin/app_operator/operatorsession/add/
Traceback (most recent call last):
  File "/Users/shakhzodabidov/Projects/StreetBurgerMiniApp/backend/venv/lib/python3.13/site-packages/django/db/models/options.py", line 681, in get_field
    return self.fields_map[field_name]
           ~~~~~~~~~~~~~~~^^^^^^^^^^^^
KeyError: 'duration'

During handling of the above exception, another exception occurred:

Traceback (most recent call last):
  File "/Users/shakhzodabidov/Projects/StreetBurgerMiniApp/backend/venv/lib/python3.13/site-packages/django/contrib/admin/utils.py", line 272, in lookup_field
    f = _get_non_gfk_field(opts, name)
  File "/Users/shakhzodabidov/Projects/StreetBurgerMiniApp/backend/venv/lib/python3.13/site-packages/django/contrib/admin/utils.py", line 303, in _get_non_gfk_field
    field = opts.get_field(name)
  File "/Users/shakhzodabidov/Projects/StreetBurgerMiniApp/backend/venv/lib/python3.13/site-packages/django/db/models/options.py", line 683, in get_field
    raise FieldDoesNotExist(
        "%s has no field named '%s'" % (self.object_name, field_name)
    )
django.core.exceptions.FieldDoesNotExist: OperatorSession has no field named 'duration'

During handling of the above exception, another exception occurred:

Traceback (most recent call last):
  File "/Users/shakhzodabidov/Projects/StreetBurgerMiniApp/backend/venv/lib/python3.13/site-packages/django/core/handlers/exception.py", line 55, in inner
    response = get_response(request)
  File "/Users/shakhzodabidov/Projects/StreetBurgerMiniApp/backend/venv/lib/python3.13/site-packages/django/core/handlers/base.py", line 220, in _get_response
    response = response.render()
  File "/Users/shakhzodabidov/Projects/StreetBurgerMiniApp/backend/venv/lib/python3.13/site-packages/django/template/response.py", line 114, in render
    self.content = self.rendered_content
                   ^^^^^^^^^^^^^^^^^^^^^
  File "/Users/shakhzodabidov/Projects/StreetBurgerMiniApp/backend/venv/lib/python3.13/site-packages/django/template/response.py", line 92, in rendered_content
    return template.render(context, self._request)
           ~~~~~~~~~~~~~~~^^^^^^^^^^^^^^^^^^^^^^^^
  File "/Users/shakhzodabidov/Projects/StreetBurgerMiniApp/backend/venv/lib/python3.13/site-packages/django/template/backends/django.py", line 61, in render
    return self.template.render(context)
           ~~~~~~~~~~~~~~~~~~~~^^^^^^^^^
  File "/Users/shakhzodabidov/Projects/StreetBurgerMiniApp/backend/venv/lib/python3.13/site-packages/django/template/base.py", line 175, in render
    return self._render(context)
           ~~~~~~~~~~~~^^^^^^^^^
  File "/Users/shakhzodabidov/Projects/StreetBurgerMiniApp/backend/venv/lib/python3.13/site-packages/django/template/base.py", line 167, in _render
    return self.nodelist.render(context)
           ~~~~~~~~~~~~~~~~~~~~^^^^^^^^^
  File "/Users/shakhzodabidov/Projects/StreetBurgerMiniApp/backend/venv/lib/python3.13/site-packages/django/template/base.py", line 1005, in render
    return SafeString("".join([node.render_annotated(context) for node in self]))
                               ~~~~~~~~~~~~~~~~~~~~~^^^^^^^^^
  File "/Users/shakhzodabidov/Projects/StreetBurgerMiniApp/backend/venv/lib/python3.13/site-packages/django/template/base.py", line 966, in render_annotated
    return self.render(context)
           ~~~~~~~~~~~^^^^^^^^^
  File "/Users/shakhzodabidov/Projects/StreetBurgerMiniApp/backend/venv/lib/python3.13/site-packages/django/template/loader_tags.py", line 157, in render
    return compiled_parent._render(context)
           ~~~~~~~~~~~~~~~~~~~~~~~^^^^^^^^^
  File "/Users/shakhzodabidov/Projects/StreetBurgerMiniApp/backend/venv/lib/python3.13/site-packages/django/template/base.py", line 167, in _render
    return self.nodelist.render(context)
           ~~~~~~~~~~~~~~~~~~~~^^^^^^^^^
  File "/Users/shakhzodabidov/Projects/StreetBurgerMiniApp/backend/venv/lib/python3.13/site-packages/django/template/base.py", line 1005, in render
    return SafeString("".join([node.render_annotated(context) for node in self]))
                               ~~~~~~~~~~~~~~~~~~~~~^^^^^^^^^
  File "/Users/shakhzodabidov/Projects/StreetBurgerMiniApp/backend/venv/lib/python3.13/site-packages/django/template/base.py", line 966, in render_annotated
    return self.render(context)
           ~~~~~~~~~~~^^^^^^^^^
  File "/Users/shakhzodabidov/Projects/StreetBurgerMiniApp/backend/venv/lib/python3.13/site-packages/django/template/loader_tags.py", line 157, in render
    return compiled_parent._render(context)
           ~~~~~~~~~~~~~~~~~~~~~~~^^^^^^^^^
  File "/Users/shakhzodabidov/Projects/StreetBurgerMiniApp/backend/venv/lib/python3.13/site-packages/django/template/base.py", line 167, in _render
    return self.nodelist.render(context)
           ~~~~~~~~~~~~~~~~~~~~^^^^^^^^^
  File "/Users/shakhzodabidov/Projects/StreetBurgerMiniApp/backend/venv/lib/python3.13/site-packages/django/template/base.py", line 1005, in render
    return SafeString("".join([node.render_annotated(context) for node in self]))
                               ~~~~~~~~~~~~~~~~~~~~~^^^^^^^^^
  File "/Users/shakhzodabidov/Projects/StreetBurgerMiniApp/backend/venv/lib/python3.13/site-packages/django/template/base.py", line 966, in render_annotated
    return self.render(context)
           ~~~~~~~~~~~^^^^^^^^^
  File "/Users/shakhzodabidov/Projects/StreetBurgerMiniApp/backend/venv/lib/python3.13/site-packages/django/template/loader_tags.py", line 63, in render
    result = block.nodelist.render(context)
  File "/Users/shakhzodabidov/Projects/StreetBurgerMiniApp/backend/venv/lib/python3.13/site-packages/django/template/base.py", line 1005, in render
    return SafeString("".join([node.render_annotated(context) for node in self]))
                               ~~~~~~~~~~~~~~~~~~~~~^^^^^^^^^
  File "/Users/shakhzodabidov/Projects/StreetBurgerMiniApp/backend/venv/lib/python3.13/site-packages/django/template/base.py", line 966, in render_annotated
    return self.render(context)
           ~~~~~~~~~~~^^^^^^^^^
  File "/Users/shakhzodabidov/Projects/StreetBurgerMiniApp/backend/venv/lib/python3.13/site-packages/django/template/loader_tags.py", line 63, in render
    result = block.nodelist.render(context)
  File "/Users/shakhzodabidov/Projects/StreetBurgerMiniApp/backend/venv/lib/python3.13/site-packages/django/template/base.py", line 1005, in render
    return SafeString("".join([node.render_annotated(context) for node in self]))
                               ~~~~~~~~~~~~~~~~~~~~~^^^^^^^^^
  File "/Users/shakhzodabidov/Projects/StreetBurgerMiniApp/backend/venv/lib/python3.13/site-packages/django/template/base.py", line 966, in render_annotated
    return self.render(context)
           ~~~~~~~~~~~^^^^^^^^^
  File "/Users/shakhzodabidov/Projects/StreetBurgerMiniApp/backend/venv/lib/python3.13/site-packages/django/template/defaulttags.py", line 238, in render
    nodelist.append(node.render_annotated(context))
                    ~~~~~~~~~~~~~~~~~~~~~^^^^^^^^^
  File "/Users/shakhzodabidov/Projects/StreetBurgerMiniApp/backend/venv/lib/python3.13/site-packages/django/template/base.py", line 966, in render_annotated
    return self.render(context)
           ~~~~~~~~~~~^^^^^^^^^
  File "/Users/shakhzodabidov/Projects/StreetBurgerMiniApp/backend/venv/lib/python3.13/site-packages/django/template/loader_tags.py", line 208, in render
    return template.render(context)
           ~~~~~~~~~~~~~~~^^^^^^^^^
  File "/Users/shakhzodabidov/Projects/StreetBurgerMiniApp/backend/venv/lib/python3.13/site-packages/django/template/base.py", line 177, in render
    return self._render(context)
           ~~~~~~~~~~~~^^^^^^^^^
  File "/Users/shakhzodabidov/Projects/StreetBurgerMiniApp/backend/venv/lib/python3.13/site-packages/django/template/base.py", line 167, in _render
    return self.nodelist.render(context)
           ~~~~~~~~~~~~~~~~~~~~^^^^^^^^^
  File "/Users/shakhzodabidov/Projects/StreetBurgerMiniApp/backend/venv/lib/python3.13/site-packages/django/template/base.py", line 1005, in render
    return SafeString("".join([node.render_annotated(context) for node in self]))
                               ~~~~~~~~~~~~~~~~~~~~~^^^^^^^^^
  File "/Users/shakhzodabidov/Projects/StreetBurgerMiniApp/backend/venv/lib/python3.13/site-packages/django/template/base.py", line 966, in render_annotated
    return self.render(context)
           ~~~~~~~~~~~^^^^^^^^^
  File "/Users/shakhzodabidov/Projects/StreetBurgerMiniApp/backend/venv/lib/python3.13/site-packages/django/template/defaulttags.py", line 238, in render
    nodelist.append(node.render_annotated(context))
                    ~~~~~~~~~~~~~~~~~~~~~^^^^^^^^^
  File "/Users/shakhzodabidov/Projects/StreetBurgerMiniApp/backend/venv/lib/python3.13/site-packages/django/template/base.py", line 966, in render_annotated
    return self.render(context)
           ~~~~~~~~~~~^^^^^^^^^
  File "/Users/shakhzodabidov/Projects/StreetBurgerMiniApp/backend/venv/lib/python3.13/site-packages/django/template/defaulttags.py", line 238, in render
    nodelist.append(node.render_annotated(context))
                    ~~~~~~~~~~~~~~~~~~~~~^^^^^^^^^
  File "/Users/shakhzodabidov/Projects/StreetBurgerMiniApp/backend/venv/lib/python3.13/site-packages/django/template/base.py", line 966, in render_annotated
    return self.render(context)
           ~~~~~~~~~~~^^^^^^^^^
  File "/Users/shakhzodabidov/Projects/StreetBurgerMiniApp/backend/venv/lib/python3.13/site-packages/django/template/defaulttags.py", line 321, in render
    return nodelist.render(context)
           ~~~~~~~~~~~~~~~^^^^^^^^^
  File "/Users/shakhzodabidov/Projects/StreetBurgerMiniApp/backend/venv/lib/python3.13/site-packages/django/template/base.py", line 1005, in render
    return SafeString("".join([node.render_annotated(context) for node in self]))
                               ~~~~~~~~~~~~~~~~~~~~~^^^^^^^^^
  File "/Users/shakhzodabidov/Projects/StreetBurgerMiniApp/backend/venv/lib/python3.13/site-packages/django/template/base.py", line 966, in render_annotated
    return self.render(context)
           ~~~~~~~~~~~^^^^^^^^^
  File "/Users/shakhzodabidov/Projects/StreetBurgerMiniApp/backend/venv/lib/python3.13/site-packages/django/template/defaulttags.py", line 321, in render
    return nodelist.render(context)
           ~~~~~~~~~~~~~~~^^^^^^^^^
  File "/Users/shakhzodabidov/Projects/StreetBurgerMiniApp/backend/venv/lib/python3.13/site-packages/django/template/base.py", line 1005, in render
    return SafeString("".join([node.render_annotated(context) for node in self]))
                               ~~~~~~~~~~~~~~~~~~~~~^^^^^^^^^
  File "/Users/shakhzodabidov/Projects/StreetBurgerMiniApp/backend/venv/lib/python3.13/site-packages/django/template/base.py", line 966, in render_annotated
    return self.render(context)
           ~~~~~~~~~~~^^^^^^^^^
  File "/Users/shakhzodabidov/Projects/StreetBurgerMiniApp/backend/venv/lib/python3.13/site-packages/django/template/base.py", line 1064, in render
    output = self.filter_expression.resolve(context)
  File "/Users/shakhzodabidov/Projects/StreetBurgerMiniApp/backend/venv/lib/python3.13/site-packages/django/template/base.py", line 715, in resolve
    obj = self.var.resolve(context)
  File "/Users/shakhzodabidov/Projects/StreetBurgerMiniApp/backend/venv/lib/python3.13/site-packages/django/template/base.py", line 847, in resolve
    value = self._resolve_lookup(context)
  File "/Users/shakhzodabidov/Projects/StreetBurgerMiniApp/backend/venv/lib/python3.13/site-packages/django/template/base.py", line 914, in _resolve_lookup
    current = current()
  File "/Users/shakhzodabidov/Projects/StreetBurgerMiniApp/backend/venv/lib/python3.13/site-packages/django/contrib/admin/helpers.py", line 273, in contents
    f, attr, value = lookup_field(field, obj, model_admin)
                     ~~~~~~~~~~~~^^^^^^^^^^^^^^^^^^^^^^^^^
  File "/Users/shakhzodabidov/Projects/StreetBurgerMiniApp/backend/venv/lib/python3.13/site-packages/django/contrib/admin/utils.py", line 283, in lookup_field
    attr = getattr(obj, name)
  File "/Users/shakhzodabidov/Projects/StreetBurgerMiniApp/backend/app_operator/models.py", line 239, in duration
    duration = end_time - self.start_time
               ~~~~~~~~~^~~~~~~~~~~~~~~~~
TypeError: unsupported operand type(s) for -: 'datetime.datetime' and 'NoneType'
[2025-07-26 07:20:58,081] ERROR log log_response 241 - Internal Server Error: /admin/app_operator/operatorsession/add/
Traceback (most recent call last):
  File "/Users/shakhzodabidov/Projects/StreetBurgerMiniApp/backend/venv/lib/python3.13/site-packages/django/db/models/options.py", line 681, in get_field
    return self.fields_map[field_name]
           ~~~~~~~~~~~~~~~^^^^^^^^^^^^
KeyError: 'duration'

During handling of the above exception, another exception occurred:

Traceback (most recent call last):
  File "/Users/shakhzodabidov/Projects/StreetBurgerMiniApp/backend/venv/lib/python3.13/site-packages/django/contrib/admin/utils.py", line 272, in lookup_field
    f = _get_non_gfk_field(opts, name)
  File "/Users/shakhzodabidov/Projects/StreetBurgerMiniApp/backend/venv/lib/python3.13/site-packages/django/contrib/admin/utils.py", line 303, in _get_non_gfk_field
    field = opts.get_field(name)
  File "/Users/shakhzodabidov/Projects/StreetBurgerMiniApp/backend/venv/lib/python3.13/site-packages/django/db/models/options.py", line 683, in get_field
    raise FieldDoesNotExist(
        "%s has no field named '%s'" % (self.object_name, field_name)
    )
django.core.exceptions.FieldDoesNotExist: OperatorSession has no field named 'duration'

During handling of the above exception, another exception occurred:

Traceback (most recent call last):
  File "/Users/shakhzodabidov/Projects/StreetBurgerMiniApp/backend/venv/lib/python3.13/site-packages/django/core/handlers/exception.py", line 55, in inner
    response = get_response(request)
  File "/Users/shakhzodabidov/Projects/StreetBurgerMiniApp/backend/venv/lib/python3.13/site-packages/django/core/handlers/base.py", line 220, in _get_response
    response = response.render()
  File "/Users/shakhzodabidov/Projects/StreetBurgerMiniApp/backend/venv/lib/python3.13/site-packages/django/template/response.py", line 114, in render
    self.content = self.rendered_content
                   ^^^^^^^^^^^^^^^^^^^^^
  File "/Users/shakhzodabidov/Projects/StreetBurgerMiniApp/backend/venv/lib/python3.13/site-packages/django/template/response.py", line 92, in rendered_content
    return template.render(context, self._request)
           ~~~~~~~~~~~~~~~^^^^^^^^^^^^^^^^^^^^^^^^
  File "/Users/shakhzodabidov/Projects/StreetBurgerMiniApp/backend/venv/lib/python3.13/site-packages/django/template/backends/django.py", line 61, in render
    return self.template.render(context)
           ~~~~~~~~~~~~~~~~~~~~^^^^^^^^^
  File "/Users/shakhzodabidov/Projects/StreetBurgerMiniApp/backend/venv/lib/python3.13/site-packages/django/template/base.py", line 175, in render
    return self._render(context)
           ~~~~~~~~~~~~^^^^^^^^^
  File "/Users/shakhzodabidov/Projects/StreetBurgerMiniApp/backend/venv/lib/python3.13/site-packages/django/template/base.py", line 167, in _render
    return self.nodelist.render(context)
           ~~~~~~~~~~~~~~~~~~~~^^^^^^^^^
  File "/Users/shakhzodabidov/Projects/StreetBurgerMiniApp/backend/venv/lib/python3.13/site-packages/django/template/base.py", line 1005, in render
    return SafeString("".join([node.render_annotated(context) for node in self]))
                               ~~~~~~~~~~~~~~~~~~~~~^^^^^^^^^
  File "/Users/shakhzodabidov/Projects/StreetBurgerMiniApp/backend/venv/lib/python3.13/site-packages/django/template/base.py", line 966, in render_annotated
    return self.render(context)
           ~~~~~~~~~~~^^^^^^^^^
  File "/Users/shakhzodabidov/Projects/StreetBurgerMiniApp/backend/venv/lib/python3.13/site-packages/django/template/loader_tags.py", line 157, in render
    return compiled_parent._render(context)
           ~~~~~~~~~~~~~~~~~~~~~~~^^^^^^^^^
  File "/Users/shakhzodabidov/Projects/StreetBurgerMiniApp/backend/venv/lib/python3.13/site-packages/django/template/base.py", line 167, in _render
    return self.nodelist.render(context)
           ~~~~~~~~~~~~~~~~~~~~^^^^^^^^^
  File "/Users/shakhzodabidov/Projects/StreetBurgerMiniApp/backend/venv/lib/python3.13/site-packages/django/template/base.py", line 1005, in render
    return SafeString("".join([node.render_annotated(context) for node in self]))
                               ~~~~~~~~~~~~~~~~~~~~~^^^^^^^^^
  File "/Users/shakhzodabidov/Projects/StreetBurgerMiniApp/backend/venv/lib/python3.13/site-packages/django/template/base.py", line 966, in render_annotated
    return self.render(context)
           ~~~~~~~~~~~^^^^^^^^^
  File "/Users/shakhzodabidov/Projects/StreetBurgerMiniApp/backend/venv/lib/python3.13/site-packages/django/template/loader_tags.py", line 157, in render
    return compiled_parent._render(context)
           ~~~~~~~~~~~~~~~~~~~~~~~^^^^^^^^^
  File "/Users/shakhzodabidov/Projects/StreetBurgerMiniApp/backend/venv/lib/python3.13/site-packages/django/template/base.py", line 167, in _render
    return self.nodelist.render(context)
           ~~~~~~~~~~~~~~~~~~~~^^^^^^^^^
  File "/Users/shakhzodabidov/Projects/StreetBurgerMiniApp/backend/venv/lib/python3.13/site-packages/django/template/base.py", line 1005, in render
    return SafeString("".join([node.render_annotated(context) for node in self]))
                               ~~~~~~~~~~~~~~~~~~~~~^^^^^^^^^
  File "/Users/shakhzodabidov/Projects/StreetBurgerMiniApp/backend/venv/lib/python3.13/site-packages/django/template/base.py", line 966, in render_annotated
    return self.render(context)
           ~~~~~~~~~~~^^^^^^^^^
  File "/Users/shakhzodabidov/Projects/StreetBurgerMiniApp/backend/venv/lib/python3.13/site-packages/django/template/loader_tags.py", line 63, in render
    result = block.nodelist.render(context)
  File "/Users/shakhzodabidov/Projects/StreetBurgerMiniApp/backend/venv/lib/python3.13/site-packages/django/template/base.py", line 1005, in render
    return SafeString("".join([node.render_annotated(context) for node in self]))
                               ~~~~~~~~~~~~~~~~~~~~~^^^^^^^^^
  File "/Users/shakhzodabidov/Projects/StreetBurgerMiniApp/backend/venv/lib/python3.13/site-packages/django/template/base.py", line 966, in render_annotated
    return self.render(context)
           ~~~~~~~~~~~^^^^^^^^^
  File "/Users/shakhzodabidov/Projects/StreetBurgerMiniApp/backend/venv/lib/python3.13/site-packages/django/template/loader_tags.py", line 63, in render
    result = block.nodelist.render(context)
  File "/Users/shakhzodabidov/Projects/StreetBurgerMiniApp/backend/venv/lib/python3.13/site-packages/django/template/base.py", line 1005, in render
    return SafeString("".join([node.render_annotated(context) for node in self]))
                               ~~~~~~~~~~~~~~~~~~~~~^^^^^^^^^
  File "/Users/shakhzodabidov/Projects/StreetBurgerMiniApp/backend/venv/lib/python3.13/site-packages/django/template/base.py", line 966, in render_annotated
    return self.render(context)
           ~~~~~~~~~~~^^^^^^^^^
  File "/Users/shakhzodabidov/Projects/StreetBurgerMiniApp/backend/venv/lib/python3.13/site-packages/django/template/defaulttags.py", line 238, in render
    nodelist.append(node.render_annotated(context))
                    ~~~~~~~~~~~~~~~~~~~~~^^^^^^^^^
  File "/Users/shakhzodabidov/Projects/StreetBurgerMiniApp/backend/venv/lib/python3.13/site-packages/django/template/base.py", line 966, in render_annotated
    return self.render(context)
           ~~~~~~~~~~~^^^^^^^^^
  File "/Users/shakhzodabidov/Projects/StreetBurgerMiniApp/backend/venv/lib/python3.13/site-packages/django/template/loader_tags.py", line 208, in render
    return template.render(context)
           ~~~~~~~~~~~~~~~^^^^^^^^^
  File "/Users/shakhzodabidov/Projects/StreetBurgerMiniApp/backend/venv/lib/python3.13/site-packages/django/template/base.py", line 177, in render
    return self._render(context)
           ~~~~~~~~~~~~^^^^^^^^^
  File "/Users/shakhzodabidov/Projects/StreetBurgerMiniApp/backend/venv/lib/python3.13/site-packages/django/template/base.py", line 167, in _render
    return self.nodelist.render(context)
           ~~~~~~~~~~~~~~~~~~~~^^^^^^^^^
  File "/Users/shakhzodabidov/Projects/StreetBurgerMiniApp/backend/venv/lib/python3.13/site-packages/django/template/base.py", line 1005, in render
    return SafeString("".join([node.render_annotated(context) for node in self]))
                               ~~~~~~~~~~~~~~~~~~~~~^^^^^^^^^
  File "/Users/shakhzodabidov/Projects/StreetBurgerMiniApp/backend/venv/lib/python3.13/site-packages/django/template/base.py", line 966, in render_annotated
    return self.render(context)
           ~~~~~~~~~~~^^^^^^^^^
  File "/Users/shakhzodabidov/Projects/StreetBurgerMiniApp/backend/venv/lib/python3.13/site-packages/django/template/defaulttags.py", line 238, in render
    nodelist.append(node.render_annotated(context))
                    ~~~~~~~~~~~~~~~~~~~~~^^^^^^^^^
  File "/Users/shakhzodabidov/Projects/StreetBurgerMiniApp/backend/venv/lib/python3.13/site-packages/django/template/base.py", line 966, in render_annotated
    return self.render(context)
           ~~~~~~~~~~~^^^^^^^^^
  File "/Users/shakhzodabidov/Projects/StreetBurgerMiniApp/backend/venv/lib/python3.13/site-packages/django/template/defaulttags.py", line 238, in render
    nodelist.append(node.render_annotated(context))
                    ~~~~~~~~~~~~~~~~~~~~~^^^^^^^^^
  File "/Users/shakhzodabidov/Projects/StreetBurgerMiniApp/backend/venv/lib/python3.13/site-packages/django/template/base.py", line 966, in render_annotated
    return self.render(context)
           ~~~~~~~~~~~^^^^^^^^^
  File "/Users/shakhzodabidov/Projects/StreetBurgerMiniApp/backend/venv/lib/python3.13/site-packages/django/template/defaulttags.py", line 321, in render
    return nodelist.render(context)
           ~~~~~~~~~~~~~~~^^^^^^^^^
  File "/Users/shakhzodabidov/Projects/StreetBurgerMiniApp/backend/venv/lib/python3.13/site-packages/django/template/base.py", line 1005, in render
    return SafeString("".join([node.render_annotated(context) for node in self]))
                               ~~~~~~~~~~~~~~~~~~~~~^^^^^^^^^
  File "/Users/shakhzodabidov/Projects/StreetBurgerMiniApp/backend/venv/lib/python3.13/site-packages/django/template/base.py", line 966, in render_annotated
    return self.render(context)
           ~~~~~~~~~~~^^^^^^^^^
  File "/Users/shakhzodabidov/Projects/StreetBurgerMiniApp/backend/venv/lib/python3.13/site-packages/django/template/defaulttags.py", line 321, in render
    return nodelist.render(context)
           ~~~~~~~~~~~~~~~^^^^^^^^^
  File "/Users/shakhzodabidov/Projects/StreetBurgerMiniApp/backend/venv/lib/python3.13/site-packages/django/template/base.py", line 1005, in render
    return SafeString("".join([node.render_annotated(context) for node in self]))
                               ~~~~~~~~~~~~~~~~~~~~~^^^^^^^^^
  File "/Users/shakhzodabidov/Projects/StreetBurgerMiniApp/backend/venv/lib/python3.13/site-packages/django/template/base.py", line 966, in render_annotated
    return self.render(context)
           ~~~~~~~~~~~^^^^^^^^^
  File "/Users/shakhzodabidov/Projects/StreetBurgerMiniApp/backend/venv/lib/python3.13/site-packages/django/template/base.py", line 1064, in render
    output = self.filter_expression.resolve(context)
  File "/Users/shakhzodabidov/Projects/StreetBurgerMiniApp/backend/venv/lib/python3.13/site-packages/django/template/base.py", line 715, in resolve
    obj = self.var.resolve(context)
  File "/Users/shakhzodabidov/Projects/StreetBurgerMiniApp/backend/venv/lib/python3.13/site-packages/django/template/base.py", line 847, in resolve
    value = self._resolve_lookup(context)
  File "/Users/shakhzodabidov/Projects/StreetBurgerMiniApp/backend/venv/lib/python3.13/site-packages/django/template/base.py", line 914, in _resolve_lookup
    current = current()
  File "/Users/shakhzodabidov/Projects/StreetBurgerMiniApp/backend/venv/lib/python3.13/site-packages/django/contrib/admin/helpers.py", line 273, in contents
    f, attr, value = lookup_field(field, obj, model_admin)
                     ~~~~~~~~~~~~^^^^^^^^^^^^^^^^^^^^^^^^^
  File "/Users/shakhzodabidov/Projects/StreetBurgerMiniApp/backend/venv/lib/python3.13/site-packages/django/contrib/admin/utils.py", line 283, in lookup_field
    attr = getattr(obj, name)
  File "/Users/shakhzodabidov/Projects/StreetBurgerMiniApp/backend/app_operator/models.py", line 239, in duration
    duration = end_time - self.start_time
               ~~~~~~~~~^~~~~~~~~~~~~~~~~
TypeError: unsupported operand type(s) for -: 'datetime.datetime' and 'NoneType'
[2025-07-28 23:52:08,613] ERROR log log_response 241 - Internal Server Error: /api/webhook/
[2025-07-28 23:52:09,129] ERROR log log_response 241 - Internal Server Error: /api/webhook/
[2025-07-28 23:52:11,642] ERROR log log_response 241 - Internal Server Error: /api/webhook/
[2025-07-28 23:52:16,172] ERROR log log_response 241 - Internal Server Error: /api/webhook/
[2025-07-28 23:53:13,346] ERROR log log_response 241 - Internal Server Error: /api/webhook/
[2025-07-28 23:54:17,843] ERROR log log_response 241 - Internal Server Error: /api/webhook/
[2025-08-07 15:50:08,767] ERROR log log_response 241 - Internal Server Error: /api/webhook/
[2025-08-07 18:07:21,325] ERROR log log_response 241 - Internal Server Error: /api/webhook/
[2025-08-07 18:25:38,759] ERROR log log_response 241 - Internal Server Error: /api/webhook/
[2025-08-07 18:25:38,876] ERROR log log_response 241 - Internal Server Error: /api/webhook/
[2025-08-07 18:25:41,030] ERROR log log_response 241 - Internal Server Error: /api/webhook/
[2025-08-07 18:25:45,169] ERROR log log_response 241 - Internal Server Error: /api/webhook/
[2025-08-07 18:25:53,286] ERROR log log_response 241 - Internal Server Error: /api/webhook/
[2025-08-07 18:26:09,413] ERROR log log_response 241 - Internal Server Error: /api/webhook/
[2025-08-07 18:26:41,560] ERROR log log_response 241 - Internal Server Error: /api/webhook/
[2025-08-07 18:27:43,719] ERROR log log_response 241 - Internal Server Error: /api/webhook/
[2025-08-07 18:29:41,888] ERROR log log_response 241 - Internal Server Error: /api/webhook/
[2025-08-07 18:47:44,898] ERROR log log_response 241 - Internal Server Error: /api/auth/telegram-widget/
